Using pre-set license
Built from '2020.2/release' branch; Version is '2020.2.2f1 (068178b99f32) revision 426360'; Using compiler version '192528614'; Build Type 'Release'
OS: 'Windows 10 Pro; OS build 19042.867; Version 2009; 64bit' Language: 'en' Physical Memory: 32681 MB
BatchMode: 1, IsHumanControllingUs: 0, StartBugReporterOnCrash: 0, Is64bit: 1, IsPro: 0

 COMMAND LINE ARGUMENTS:
C:\Program Files\Unity\Hub\Editor\2020.2.2f1\Editor\Unity.exe
-adb2
-batchMode
-noUpm
-name
AssetImportWorker0
-projectPath
M:/Uni Projects/Virtual and Augmented Reality/Lego Vuforia
-logFile
Logs/AssetImportWorker0.log
-srvPort
56195
Successfully changed project path to: M:/Uni Projects/Virtual and Augmented Reality/Lego Vuforia
M:/Uni Projects/Virtual and Augmented Reality/Lego Vuforia
Using Asset Import Pipeline V2.
Refreshing native plugins compatible for Editor in 38.29 ms, found 2 plugins.
Preloading 1 native plugins for Editor in 1.80 ms.
Initialize engine version: 2020.2.2f1 (068178b99f32)
[Subsystems] Discovering subsystems at path C:/Program Files/Unity/Hub/Editor/2020.2.2f1/Editor/Data/Resources/UnitySubsystems
[Subsystems] Discovering subsystems at path M:/Uni Projects/Virtual and Augmented Reality/Lego Vuforia/Assets
GfxDevice: creating device client; threaded=0
Direct3D:
    Version:  Direct3D 11.0 [level 11.1]
    Renderer: AMD Radeon RX 5700 XT (ID=0x731f)
    Vendor:   
    VRAM:     8152 MB
    Driver:   27.20.14501.18003
Shader 'PointClouds/PointSplat': fallback shader 'PointClouds/PointSplatLegacy' not found
Initialize mono
Mono path[0] = 'C:/Program Files/Unity/Hub/Editor/2020.2.2f1/Editor/Data/Managed'
Mono path[1] = 'C:/Program Files/Unity/Hub/Editor/2020.2.2f1/Editor/Data/MonoBleedingEdge/lib/mono/unityjit'
Mono config path = 'C:/Program Files/Unity/Hub/Editor/2020.2.2f1/Editor/Data/MonoBleedingEdge/etc'
Using monoOptions --debugger-agent=transport=dt_socket,embedding=1,server=y,suspend=n,address=127.0.0.1:56644
Begin MonoManager ReloadAssembly
Registering precompiled unity dll's ...
Register platform support module: C:/Program Files/Unity/Hub/Editor/2020.2.2f1/Editor/Data/PlaybackEngines/WindowsStandaloneSupport/UnityEditor.WindowsStandalone.Extensions.dll
Register platform support module: C:/Program Files/Unity/Hub/Editor/2020.2.2f1/Editor/Data/PlaybackEngines/LinuxStandaloneSupport/UnityEditor.LinuxStandalone.Extensions.dll
Registered in 0.008159 seconds.
Native extension for LinuxStandalone target not found
Native extension for WindowsStandalone target not found
Refreshing native plugins compatible for Editor in 25.51 ms, found 2 plugins.
Preloading 1 native plugins for Editor in 0.04 ms.
Invoked RoslynAnalysisRunner static constructor.
RoslynAnalysisRunner will not be running.
RoslynAnalysisRunner has terminated.
Mono: successfully reloaded assembly
- Completed reload, in  4.948 seconds
Platform modules already initialized, skipping
Registering precompiled user dll's ...
Registered in 0.010494 seconds.
Begin MonoManager ReloadAssembly
Native extension for LinuxStandalone target not found
Native extension for WindowsStandalone target not found
Refreshing native plugins compatible for Editor in 0.44 ms, found 2 plugins.
Preloading 1 native plugins for Editor in 0.04 ms.
System.NullReferenceException: Object reference not set to an instance of an object
  at Vuforia.EditorClasses.ExtensionTypeProvider.GetVuforiaPackageAbsPath () [0x0004a] in <a490fa95b9a6409e9780d5f38d01007a>:0 
  at Vuforia.EditorClasses.ExtensionTypeProvider.IsPackageManager () [0x00000] in <a490fa95b9a6409e9780d5f38d01007a>:0 
  at Vuforia.EditorClasses.ExtensionTypeProvider.ResolvePluginType () [0x00009] in <a490fa95b9a6409e9780d5f38d01007a>:0 
  at Vuforia.EditorClasses.ExtensionTypeProvider.GetPluginType () [0x0000c] in <a490fa95b9a6409e9780d5f38d01007a>:0 
  at Vuforia.EditorClasses.VuforiaUtilities.IsVuforiaEnabledInPlayerSettings () [0x00000] in <a490fa95b9a6409e9780d5f38d01007a>:0 
  at VuforiaEnabledObserver..cctor () [0x00000] in <a490fa95b9a6409e9780d5f38d01007a>:0 
UnityEngine.StackTraceUtility:ExtractStackTrace ()
UnityEngine.DebugLogHandler:LogFormat (UnityEngine.LogType,UnityEngine.Object,string,object[])
UnityEngine.Logger:Log (UnityEngine.LogType,object)
UnityEngine.Debug:LogError (object)
UnityEditor.EditorAssemblies:ProcessInitializeOnLoadAttributes (System.Type[])

System.NullReferenceException: Object reference not set to an instance of an object
  at Vuforia.EditorClasses.ExtensionTypeProvider.GetVuforiaPackageAbsPath () [0x0004a] in <a490fa95b9a6409e9780d5f38d01007a>:0 
  at Vuforia.EditorClasses.ExtensionTypeProvider.IsPackageManager () [0x00000] in <a490fa95b9a6409e9780d5f38d01007a>:0 
  at Vuforia.EditorClasses.ExtensionTypeProvider.ResolvePluginType () [0x00009] in <a490fa95b9a6409e9780d5f38d01007a>:0 
  at Vuforia.EditorClasses.ExtensionTypeProvider.GetPluginType () [0x0000c] in <a490fa95b9a6409e9780d5f38d01007a>:0 
  at Vuforia.EditorClasses.VuforiaUtilities.IsVuforiaEnabledInPlayerSettings () [0x00000] in <a490fa95b9a6409e9780d5f38d01007a>:0 
  at Vuforia.EditorClasses.InitializeOnLoadVuforiaTaskRunner..cctor () [0x00015] in <a490fa95b9a6409e9780d5f38d01007a>:0 
UnityEngine.StackTraceUtility:ExtractStackTrace ()
UnityEngine.DebugLogHandler:LogFormat (UnityEngine.LogType,UnityEngine.Object,string,object[])
UnityEngine.Logger:Log (UnityEngine.LogType,object)
UnityEngine.Debug:LogError (object)
UnityEditor.EditorAssemblies:ProcessInitializeOnLoadAttributes (System.Type[])

Invoked RoslynAnalysisRunner static constructor.
RoslynAnalysisRunner will not be running.
RoslynAnalysisRunner has terminated.
Mono: successfully reloaded assembly
- Completed reload, in  1.051 seconds
Platform modules already initialized, skipping
========================================================================
Worker process is ready to serve import requests
Shader 'PointClouds/PointSplat': fallback shader 'PointClouds/PointSplatLegacy' not found
Launched and connected shader compiler UnityShaderCompiler.exe after 0.05 seconds
Refreshing native plugins compatible for Editor in 0.52 ms, found 2 plugins.
Preloading 1 native plugins for Editor in 0.04 ms.
Unloading 1159 Unused Serialized files (Serialized files now loaded: 0)
System memory in use before: 60.7 MB.
System memory in use after: 60.7 MB.

Unloading 38 unused Assets to reduce memory usage. Loaded Objects now: 1856.
Total: 1.748100 ms (FindLiveObjects: 0.229300 ms CreateObjectMapping: 0.045500 ms MarkObjects: 1.376900 ms  DeleteObjects: 0.095200 ms)

========================================================================
Received Import Request.
  path: Assets/LegoSpawner.cs
  artifactKey: Guid(354eec47ba5cb424aaf94ecac9f0e4d4) Importer(815301076,1909f56bfc062723c751e8b465ee728b)
Start importing Assets/LegoSpawner.cs using Guid(354eec47ba5cb424aaf94ecac9f0e4d4) Importer(815301076,1909f56bfc062723c751e8b465ee728b)  -> (artifact id: '19c6bf36baf004f76cca8dd2a5a9ef43') in 0.064839 seconds
  Import took 0.067130 seconds .

========================================================================
Received Import Request.
  Time since last request: 29.879258 seconds.
  path: Assets/Bricks.blend
  artifactKey: Guid(7cc79956fb6bdb24fbfbf8f80a83ce75) Importer(815301076,1909f56bfc062723c751e8b465ee728b)
Start importing Assets/Bricks.blend using Guid(7cc79956fb6bdb24fbfbf8f80a83ce75) Importer(815301076,1909f56bfc062723c751e8b465ee728b)  -> (artifact id: '1e66410d71010840be2a8a8d7e7329a7') in 0.290097 seconds
  Import took 0.292632 seconds .

========================================================================
Received Prepare
Shader 'PointClouds/PointSplat': fallback shader 'PointClouds/PointSplatLegacy' not found
Refreshing native plugins compatible for Editor in 13.86 ms, found 2 plugins.
Preloading 1 native plugins for Editor in 0.03 ms.
Unloading 31 Unused Serialized files (Serialized files now loaded: 0)
System memory in use before: 41.5 MB.
System memory in use after: 41.6 MB.

Unloading 32 unused Assets to reduce memory usage. Loaded Objects now: 1899.
Total: 2.368200 ms (FindLiveObjects: 0.293300 ms CreateObjectMapping: 0.081500 ms MarkObjects: 1.928200 ms  DeleteObjects: 0.063400 ms)

========================================================================
Received Import Request.
  Time since last request: 371.329439 seconds.
  path: Assets/Bricks.blend
  artifactKey: Guid(7cc79956fb6bdb24fbfbf8f80a83ce75) Importer(815301076,1909f56bfc062723c751e8b465ee728b)
Start importing Assets/Bricks.blend using Guid(7cc79956fb6bdb24fbfbf8f80a83ce75) Importer(815301076,1909f56bfc062723c751e8b465ee728b)  -> (artifact id: 'c5ae736f39f1daaa822b041515af85fb') in 0.060939 seconds
  Import took 0.063346 seconds .

========================================================================
Received Import Request.
  Time since last request: 39.903325 seconds.
  path: Assets/Bricks.blend
  artifactKey: Guid(7cc79956fb6bdb24fbfbf8f80a83ce75) Importer(815301076,1909f56bfc062723c751e8b465ee728b)
Start importing Assets/Bricks.blend using Guid(7cc79956fb6bdb24fbfbf8f80a83ce75) Importer(815301076,1909f56bfc062723c751e8b465ee728b)  -> (artifact id: '825b0143ccb8792e4f44f693414e0d54') in 0.065411 seconds
  Import took 0.067582 seconds .

========================================================================
Received Import Request.
  Time since last request: 95.163982 seconds.
  path: Assets/Bricks.blend
  artifactKey: Guid(7cc79956fb6bdb24fbfbf8f80a83ce75) Importer(815301076,1909f56bfc062723c751e8b465ee728b)
Start importing Assets/Bricks.blend using Guid(7cc79956fb6bdb24fbfbf8f80a83ce75) Importer(815301076,1909f56bfc062723c751e8b465ee728b)  -> (artifact id: 'b401b4a6ff0e17a6a70c011bccc7f0ae') in 0.063669 seconds
  Import took 0.065942 seconds .

========================================================================
Received Import Request.
  Time since last request: 4.509796 seconds.
  path: Assets/Materials
  artifactKey: Guid(8f9bb82929f4d734d9d7f2ad9a0ecf7a) Importer(815301076,1909f56bfc062723c751e8b465ee728b)
Start importing Assets/Materials using Guid(8f9bb82929f4d734d9d7f2ad9a0ecf7a) Importer(815301076,1909f56bfc062723c751e8b465ee728b)  -> (artifact id: '31cd41678c7c39712396660405bc0a3c') in 0.007191 seconds
  Import took 0.009210 seconds .

========================================================================
Received Import Request.
  Time since last request: 0.063312 seconds.
  path: Assets/Materials/Material.mat
  artifactKey: Guid(988b40042f6bc5949a4ad6967e7c9b4d) Importer(815301076,1909f56bfc062723c751e8b465ee728b)
Start importing Assets/Materials/Material.mat using Guid(988b40042f6bc5949a4ad6967e7c9b4d) Importer(815301076,1909f56bfc062723c751e8b465ee728b)  -> (artifact id: '6e42495334ff694483e18920b41f869c') in 0.020390 seconds
  Import took 0.022404 seconds .

========================================================================
Received Import Request.
  Time since last request: 46.518138 seconds.
  path: Assets/Materials/Material.mat
  artifactKey: Guid(988b40042f6bc5949a4ad6967e7c9b4d) Importer(815301076,1909f56bfc062723c751e8b465ee728b)
Start importing Assets/Materials/Material.mat using Guid(988b40042f6bc5949a4ad6967e7c9b4d) Importer(815301076,1909f56bfc062723c751e8b465ee728b)  -> (artifact id: 'a16bb02ce941d409b7f587b1f8f043be') in 0.016488 seconds
  Import took 0.018605 seconds .

========================================================================
Received Import Request.
  Time since last request: 46.922576 seconds.
  path: Assets/Bricks.blend
  artifactKey: Guid(7cc79956fb6bdb24fbfbf8f80a83ce75) Importer(815301076,1909f56bfc062723c751e8b465ee728b)
Start importing Assets/Bricks.blend using Guid(7cc79956fb6bdb24fbfbf8f80a83ce75) Importer(815301076,1909f56bfc062723c751e8b465ee728b)  -> (artifact id: 'fd0db284149b92197856525ef8e0e770') in 0.063233 seconds
  Import took 0.065567 seconds .

========================================================================
Received Import Request.
  Time since last request: 4.982365 seconds.
  path: Assets/Bricks.blend1
  artifactKey: Guid(8ded4f27196d73f4ea4212221b5b1c74) Importer(815301076,1909f56bfc062723c751e8b465ee728b)
Start importing Assets/Bricks.blend1 using Guid(8ded4f27196d73f4ea4212221b5b1c74) Importer(815301076,1909f56bfc062723c751e8b465ee728b)  -> (artifact id: '04282eb7b9ef9f0e13d877b8a585a28b') in 0.009037 seconds
  Import took 0.011363 seconds .

========================================================================
Received Import Request.
  Time since last request: 47.117109 seconds.
  path: Assets/Bricks.blend
  artifactKey: Guid(7cc79956fb6bdb24fbfbf8f80a83ce75) Importer(815301076,1909f56bfc062723c751e8b465ee728b)
Start importing Assets/Bricks.blend using Guid(7cc79956fb6bdb24fbfbf8f80a83ce75) Importer(815301076,1909f56bfc062723c751e8b465ee728b)  -> (artifact id: 'e867c9caf3110ff61a565d0639f66a38') in 0.066394 seconds
  Import took 0.068501 seconds .

========================================================================
Received Prepare
Registering precompiled user dll's ...
Registered in 0.010462 seconds.
Begin MonoManager ReloadAssembly
Native extension for LinuxStandalone target not found
Native extension for WindowsStandalone target not found
Refreshing native plugins compatible for Editor in 0.43 ms, found 2 plugins.
Preloading 1 native plugins for Editor in 0.04 ms.
System.NullReferenceException: Object reference not set to an instance of an object
  at Vuforia.EditorClasses.ExtensionTypeProvider.GetVuforiaPackageAbsPath () [0x0004a] in <a490fa95b9a6409e9780d5f38d01007a>:0 
  at Vuforia.EditorClasses.ExtensionTypeProvider.IsPackageManager () [0x00000] in <a490fa95b9a6409e9780d5f38d01007a>:0 
  at Vuforia.EditorClasses.ExtensionTypeProvider.ResolvePluginType () [0x00009] in <a490fa95b9a6409e9780d5f38d01007a>:0 
  at Vuforia.EditorClasses.ExtensionTypeProvider.GetPluginType () [0x0000c] in <a490fa95b9a6409e9780d5f38d01007a>:0 
  at Vuforia.EditorClasses.VuforiaUtilities.IsVuforiaEnabledInPlayerSettings () [0x00000] in <a490fa95b9a6409e9780d5f38d01007a>:0 
  at VuforiaEnabledObserver..cctor () [0x00000] in <a490fa95b9a6409e9780d5f38d01007a>:0 
UnityEngine.StackTraceUtility:ExtractStackTrace ()
UnityEngine.DebugLogHandler:LogFormat (UnityEngine.LogType,UnityEngine.Object,string,object[])
UnityEngine.Logger:Log (UnityEngine.LogType,object)
UnityEngine.Debug:LogError (object)
UnityEditor.EditorAssemblies:ProcessInitializeOnLoadAttributes (System.Type[])

System.NullReferenceException: Object reference not set to an instance of an object
  at Vuforia.EditorClasses.ExtensionTypeProvider.GetVuforiaPackageAbsPath () [0x0004a] in <a490fa95b9a6409e9780d5f38d01007a>:0 
  at Vuforia.EditorClasses.ExtensionTypeProvider.IsPackageManager () [0x00000] in <a490fa95b9a6409e9780d5f38d01007a>:0 
  at Vuforia.EditorClasses.ExtensionTypeProvider.ResolvePluginType () [0x00009] in <a490fa95b9a6409e9780d5f38d01007a>:0 
  at Vuforia.EditorClasses.ExtensionTypeProvider.GetPluginType () [0x0000c] in <a490fa95b9a6409e9780d5f38d01007a>:0 
  at Vuforia.EditorClasses.VuforiaUtilities.IsVuforiaEnabledInPlayerSettings () [0x00000] in <a490fa95b9a6409e9780d5f38d01007a>:0 
  at Vuforia.EditorClasses.InitializeOnLoadVuforiaTaskRunner..cctor () [0x00015] in <a490fa95b9a6409e9780d5f38d01007a>:0 
UnityEngine.StackTraceUtility:ExtractStackTrace ()
UnityEngine.DebugLogHandler:LogFormat (UnityEngine.LogType,UnityEngine.Object,string,object[])
UnityEngine.Logger:Log (UnityEngine.LogType,object)
UnityEngine.Debug:LogError (object)
UnityEditor.EditorAssemblies:ProcessInitializeOnLoadAttributes (System.Type[])

Invoked RoslynAnalysisRunner static constructor.
RoslynAnalysisRunner will not be running.
RoslynAnalysisRunner has terminated.
Mono: successfully reloaded assembly
- Completed reload, in  0.856 seconds
Platform modules already initialized, skipping
Switching build target platform(5) subTarget(0) extendedPlatform(0) -> platform(13) subTarget(536936448) extendedPlatform(0)
Shader 'PointClouds/PointSplat': fallback shader 'PointClouds/PointSplatLegacy' not found
Refreshing native plugins compatible for Editor in 0.44 ms, found 2 plugins.
Preloading 1 native plugins for Editor in 0.03 ms.
Unloading 1146 Unused Serialized files (Serialized files now loaded: 0)
System memory in use before: 63.6 MB.
System memory in use after: 63.7 MB.

Unloading 33 unused Assets to reduce memory usage. Loaded Objects now: 1902.
Total: 1.562000 ms (FindLiveObjects: 0.171800 ms CreateObjectMapping: 0.034800 ms MarkObjects: 1.295800 ms  DeleteObjects: 0.058200 ms)

AssetImportParameters requested are different than current active one (requested -> active):
  custom:graphics/normal-map-encoding: 01000000000000000000000000000000 -> 02000000000000000000000000000000
========================================================================
Received Prepare
Registering precompiled user dll's ...
Registered in 0.009515 seconds.
Begin MonoManager ReloadAssembly
Native extension for LinuxStandalone target not found
Native extension for WindowsStandalone target not found
Refreshing native plugins compatible for Editor in 0.42 ms, found 2 plugins.
Preloading 1 native plugins for Editor in 0.03 ms.
System.NullReferenceException: Object reference not set to an instance of an object
  at Vuforia.EditorClasses.ExtensionTypeProvider.GetVuforiaPackageAbsPath () [0x0004a] in <a490fa95b9a6409e9780d5f38d01007a>:0 
  at Vuforia.EditorClasses.ExtensionTypeProvider.IsPackageManager () [0x00000] in <a490fa95b9a6409e9780d5f38d01007a>:0 
  at Vuforia.EditorClasses.ExtensionTypeProvider.ResolvePluginType () [0x00009] in <a490fa95b9a6409e9780d5f38d01007a>:0 
  at Vuforia.EditorClasses.ExtensionTypeProvider.GetPluginType () [0x0000c] in <a490fa95b9a6409e9780d5f38d01007a>:0 
  at Vuforia.EditorClasses.VuforiaUtilities.IsVuforiaEnabledInPlayerSettings () [0x00000] in <a490fa95b9a6409e9780d5f38d01007a>:0 
  at VuforiaEnabledObserver..cctor () [0x00000] in <a490fa95b9a6409e9780d5f38d01007a>:0 
UnityEngine.StackTraceUtility:ExtractStackTrace ()
UnityEngine.DebugLogHandler:LogFormat (UnityEngine.LogType,UnityEngine.Object,string,object[])
UnityEngine.Logger:Log (UnityEngine.LogType,object)
UnityEngine.Debug:LogError (object)
UnityEditor.EditorAssemblies:ProcessInitializeOnLoadAttributes (System.Type[])

System.NullReferenceException: Object reference not set to an instance of an object
  at Vuforia.EditorClasses.ExtensionTypeProvider.GetVuforiaPackageAbsPath () [0x0004a] in <a490fa95b9a6409e9780d5f38d01007a>:0 
  at Vuforia.EditorClasses.ExtensionTypeProvider.IsPackageManager () [0x00000] in <a490fa95b9a6409e9780d5f38d01007a>:0 
  at Vuforia.EditorClasses.ExtensionTypeProvider.ResolvePluginType () [0x00009] in <a490fa95b9a6409e9780d5f38d01007a>:0 
  at Vuforia.EditorClasses.ExtensionTypeProvider.GetPluginType () [0x0000c] in <a490fa95b9a6409e9780d5f38d01007a>:0 
  at Vuforia.EditorClasses.VuforiaUtilities.IsVuforiaEnabledInPlayerSettings () [0x00000] in <a490fa95b9a6409e9780d5f38d01007a>:0 
  at Vuforia.EditorClasses.InitializeOnLoadVuforiaTaskRunner..cctor () [0x00015] in <a490fa95b9a6409e9780d5f38d01007a>:0 
UnityEngine.StackTraceUtility:ExtractStackTrace ()
UnityEngine.DebugLogHandler:LogFormat (UnityEngine.LogType,UnityEngine.Object,string,object[])
UnityEngine.Logger:Log (UnityEngine.LogType,object)
UnityEngine.Debug:LogError (object)
UnityEditor.EditorAssemblies:ProcessInitializeOnLoadAttributes (System.Type[])

Invoked RoslynAnalysisRunner static constructor.
RoslynAnalysisRunner will not be running.
RoslynAnalysisRunner has terminated.
Mono: successfully reloaded assembly
- Completed reload, in  0.879 seconds
Platform modules already initialized, skipping
Switching build target platform(5) subTarget(0) extendedPlatform(0) -> platform(13) subTarget(536936448) extendedPlatform(0)
Shader 'PointClouds/PointSplat': fallback shader 'PointClouds/PointSplatLegacy' not found
Refreshing native plugins compatible for Editor in 0.40 ms, found 2 plugins.
Preloading 1 native plugins for Editor in 0.03 ms.
Unloading 1146 Unused Serialized files (Serialized files now loaded: 0)
System memory in use before: 63.7 MB.
System memory in use after: 63.8 MB.

Unloading 33 unused Assets to reduce memory usage. Loaded Objects now: 1905.
Total: 1.566200 ms (FindLiveObjects: 0.201300 ms CreateObjectMapping: 0.035100 ms MarkObjects: 1.277500 ms  DeleteObjects: 0.050700 ms)

AssetImportParameters requested are different than current active one (requested -> active):
  custom:graphics/normal-map-encoding: 01000000000000000000000000000000 -> 02000000000000000000000000000000
========================================================================
Received Import Request.
  Time since last request: 735.822159 seconds.
  path: Assets/LegoSpawner.cs
  artifactKey: Guid(354eec47ba5cb424aaf94ecac9f0e4d4) Importer(815301076,1909f56bfc062723c751e8b465ee728b)
Start importing Assets/LegoSpawner.cs using Guid(354eec47ba5cb424aaf94ecac9f0e4d4) Importer(815301076,1909f56bfc062723c751e8b465ee728b)  -> (artifact id: 'cdd80093739c14eb44f1de4c2b05fa51') in 0.007777 seconds
  Import took 0.009911 seconds .

========================================================================
Received Prepare
Registering precompiled user dll's ...
Registered in 0.009638 seconds.
Begin MonoManager ReloadAssembly
Native extension for LinuxStandalone target not found
Native extension for WindowsStandalone target not found
Refreshing native plugins compatible for Editor in 0.45 ms, found 2 plugins.
Preloading 1 native plugins for Editor in 0.04 ms.
System.NullReferenceException: Object reference not set to an instance of an object
  at Vuforia.EditorClasses.ExtensionTypeProvider.GetVuforiaPackageAbsPath () [0x0004a] in <a490fa95b9a6409e9780d5f38d01007a>:0 
  at Vuforia.EditorClasses.ExtensionTypeProvider.IsPackageManager () [0x00000] in <a490fa95b9a6409e9780d5f38d01007a>:0 
  at Vuforia.EditorClasses.ExtensionTypeProvider.ResolvePluginType () [0x00009] in <a490fa95b9a6409e9780d5f38d01007a>:0 
  at Vuforia.EditorClasses.ExtensionTypeProvider.GetPluginType () [0x0000c] in <a490fa95b9a6409e9780d5f38d01007a>:0 
  at Vuforia.EditorClasses.VuforiaUtilities.IsVuforiaEnabledInPlayerSettings () [0x00000] in <a490fa95b9a6409e9780d5f38d01007a>:0 
  at VuforiaEnabledObserver..cctor () [0x00000] in <a490fa95b9a6409e9780d5f38d01007a>:0 
UnityEngine.StackTraceUtility:ExtractStackTrace ()
UnityEngine.DebugLogHandler:LogFormat (UnityEngine.LogType,UnityEngine.Object,string,object[])
UnityEngine.Logger:Log (UnityEngine.LogType,object)
UnityEngine.Debug:LogError (object)
UnityEditor.EditorAssemblies:ProcessInitializeOnLoadAttributes (System.Type[])

System.NullReferenceException: Object reference not set to an instance of an object
  at Vuforia.EditorClasses.ExtensionTypeProvider.GetVuforiaPackageAbsPath () [0x0004a] in <a490fa95b9a6409e9780d5f38d01007a>:0 
  at Vuforia.EditorClasses.ExtensionTypeProvider.IsPackageManager () [0x00000] in <a490fa95b9a6409e9780d5f38d01007a>:0 
  at Vuforia.EditorClasses.ExtensionTypeProvider.ResolvePluginType () [0x00009] in <a490fa95b9a6409e9780d5f38d01007a>:0 
  at Vuforia.EditorClasses.ExtensionTypeProvider.GetPluginType () [0x0000c] in <a490fa95b9a6409e9780d5f38d01007a>:0 
  at Vuforia.EditorClasses.VuforiaUtilities.IsVuforiaEnabledInPlayerSettings () [0x00000] in <a490fa95b9a6409e9780d5f38d01007a>:0 
  at Vuforia.EditorClasses.InitializeOnLoadVuforiaTaskRunner..cctor () [0x00015] in <a490fa95b9a6409e9780d5f38d01007a>:0 
UnityEngine.StackTraceUtility:ExtractStackTrace ()
UnityEngine.DebugLogHandler:LogFormat (UnityEngine.LogType,UnityEngine.Object,string,object[])
UnityEngine.Logger:Log (UnityEngine.LogType,object)
UnityEngine.Debug:LogError (object)
UnityEditor.EditorAssemblies:ProcessInitializeOnLoadAttributes (System.Type[])

Invoked RoslynAnalysisRunner static constructor.
RoslynAnalysisRunner will not be running.
RoslynAnalysisRunner has terminated.
Mono: successfully reloaded assembly
- Completed reload, in  0.903 seconds
Platform modules already initialized, skipping
Switching build target platform(5) subTarget(0) extendedPlatform(0) -> platform(13) subTarget(536936448) extendedPlatform(0)
Shader 'PointClouds/PointSplat': fallback shader 'PointClouds/PointSplatLegacy' not found
Refreshing native plugins compatible for Editor in 0.40 ms, found 2 plugins.
Preloading 1 native plugins for Editor in 0.03 ms.
Unloading 1146 Unused Serialized files (Serialized files now loaded: 0)
System memory in use before: 63.8 MB.
System memory in use after: 63.8 MB.

Unloading 33 unused Assets to reduce memory usage. Loaded Objects now: 1908.
Total: 1.599200 ms (FindLiveObjects: 0.269000 ms CreateObjectMapping: 0.042600 ms MarkObjects: 1.235300 ms  DeleteObjects: 0.051100 ms)

AssetImportParameters requested are different than current active one (requested -> active):
  custom:graphics/normal-map-encoding: 01000000000000000000000000000000 -> 02000000000000000000000000000000
========================================================================
Received Prepare
Registering precompiled user dll's ...
Registered in 0.009767 seconds.
Begin MonoManager ReloadAssembly
Native extension for LinuxStandalone target not found
Native extension for WindowsStandalone target not found
Refreshing native plugins compatible for Editor in 0.42 ms, found 2 plugins.
Preloading 1 native plugins for Editor in 0.04 ms.
System.NullReferenceException: Object reference not set to an instance of an object
  at Vuforia.EditorClasses.ExtensionTypeProvider.GetVuforiaPackageAbsPath () [0x0004a] in <a490fa95b9a6409e9780d5f38d01007a>:0 
  at Vuforia.EditorClasses.ExtensionTypeProvider.IsPackageManager () [0x00000] in <a490fa95b9a6409e9780d5f38d01007a>:0 
  at Vuforia.EditorClasses.ExtensionTypeProvider.ResolvePluginType () [0x00009] in <a490fa95b9a6409e9780d5f38d01007a>:0 
  at Vuforia.EditorClasses.ExtensionTypeProvider.GetPluginType () [0x0000c] in <a490fa95b9a6409e9780d5f38d01007a>:0 
  at Vuforia.EditorClasses.VuforiaUtilities.IsVuforiaEnabledInPlayerSettings () [0x00000] in <a490fa95b9a6409e9780d5f38d01007a>:0 
  at VuforiaEnabledObserver..cctor () [0x00000] in <a490fa95b9a6409e9780d5f38d01007a>:0 
UnityEngine.StackTraceUtility:ExtractStackTrace ()
UnityEngine.DebugLogHandler:LogFormat (UnityEngine.LogType,UnityEngine.Object,string,object[])
UnityEngine.Logger:Log (UnityEngine.LogType,object)
UnityEngine.Debug:LogError (object)
UnityEditor.EditorAssemblies:ProcessInitializeOnLoadAttributes (System.Type[])

System.NullReferenceException: Object reference not set to an instance of an object
  at Vuforia.EditorClasses.ExtensionTypeProvider.GetVuforiaPackageAbsPath () [0x0004a] in <a490fa95b9a6409e9780d5f38d01007a>:0 
  at Vuforia.EditorClasses.ExtensionTypeProvider.IsPackageManager () [0x00000] in <a490fa95b9a6409e9780d5f38d01007a>:0 
  at Vuforia.EditorClasses.ExtensionTypeProvider.ResolvePluginType () [0x00009] in <a490fa95b9a6409e9780d5f38d01007a>:0 
  at Vuforia.EditorClasses.ExtensionTypeProvider.GetPluginType () [0x0000c] in <a490fa95b9a6409e9780d5f38d01007a>:0 
  at Vuforia.EditorClasses.VuforiaUtilities.IsVuforiaEnabledInPlayerSettings () [0x00000] in <a490fa95b9a6409e9780d5f38d01007a>:0 
  at Vuforia.EditorClasses.InitializeOnLoadVuforiaTaskRunner..cctor () [0x00015] in <a490fa95b9a6409e9780d5f38d01007a>:0 
UnityEngine.StackTraceUtility:ExtractStackTrace ()
UnityEngine.DebugLogHandler:LogFormat (UnityEngine.LogType,UnityEngine.Object,string,object[])
UnityEngine.Logger:Log (UnityEngine.LogType,object)
UnityEngine.Debug:LogError (object)
UnityEditor.EditorAssemblies:ProcessInitializeOnLoadAttributes (System.Type[])

Invoked RoslynAnalysisRunner static constructor.
RoslynAnalysisRunner will not be running.
RoslynAnalysisRunner has terminated.
Mono: successfully reloaded assembly
- Completed reload, in  0.943 seconds
Platform modules already initialized, skipping
Switching build target platform(5) subTarget(0) extendedPlatform(0) -> platform(13) subTarget(536936448) extendedPlatform(0)
Shader 'PointClouds/PointSplat': fallback shader 'PointClouds/PointSplatLegacy' not found
Refreshing native plugins compatible for Editor in 0.43 ms, found 2 plugins.
Preloading 1 native plugins for Editor in 0.03 ms.
Unloading 1146 Unused Serialized files (Serialized files now loaded: 0)
System memory in use before: 63.8 MB.
System memory in use after: 63.9 MB.

Unloading 33 unused Assets to reduce memory usage. Loaded Objects now: 1911.
Total: 1.547700 ms (FindLiveObjects: 0.260000 ms CreateObjectMapping: 0.044000 ms MarkObjects: 1.189500 ms  DeleteObjects: 0.053100 ms)

AssetImportParameters requested are different than current active one (requested -> active):
  custom:graphics/normal-map-encoding: 01000000000000000000000000000000 -> 02000000000000000000000000000000
========================================================================
Received Import Request.
  Time since last request: 325.720321 seconds.
  path: Assets/LegoSpawner.cs
  artifactKey: Guid(354eec47ba5cb424aaf94ecac9f0e4d4) Importer(815301076,1909f56bfc062723c751e8b465ee728b)
Start importing Assets/LegoSpawner.cs using Guid(354eec47ba5cb424aaf94ecac9f0e4d4) Importer(815301076,1909f56bfc062723c751e8b465ee728b)  -> (artifact id: '918f1cd767530acb0176f08c257a97bf') in 0.004752 seconds
  Import took 0.006694 seconds .

========================================================================
Received Import Request.
  Time since last request: 89.944246 seconds.
  path: ProjectSettings/TagManager.asset
  artifactKey: Guid(00000000000000003000000000000000) Importer(815301076,1909f56bfc062723c751e8b465ee728b)
Start importing ProjectSettings/TagManager.asset using Guid(00000000000000003000000000000000) Importer(815301076,1909f56bfc062723c751e8b465ee728b)  -> (artifact id: 'e8c3ab6b558fa7fe7c42e9a55a892947') in 0.014426 seconds
  Import took 0.016447 seconds .

========================================================================
Received Import Request.
  Time since last request: 30.340222 seconds.
  path: Assets/SamplesResources/AugmentationAssets/Models/Astronaut.FBX
  artifactKey: Guid(c6045ffd0db911d418ecf014e1fbd650) Importer(815301076,1909f56bfc062723c751e8b465ee728b)
Start importing Assets/SamplesResources/AugmentationAssets/Models/Astronaut.FBX using Guid(c6045ffd0db911d418ecf014e1fbd650) Importer(815301076,1909f56bfc062723c751e8b465ee728b)  -> (artifact id: '244347048dab02773ab3b3b4094c6301') in 0.324808 seconds
  Import took 0.327860 seconds .

========================================================================
Received Prepare
Registering precompiled user dll's ...
Registered in 0.009703 seconds.
Begin MonoManager ReloadAssembly
Native extension for LinuxStandalone target not found
Native extension for WindowsStandalone target not found
Refreshing native plugins compatible for Editor in 0.43 ms, found 2 plugins.
Preloading 1 native plugins for Editor in 0.04 ms.
System.NullReferenceException: Object reference not set to an instance of an object
  at Vuforia.EditorClasses.ExtensionTypeProvider.GetVuforiaPackageAbsPath () [0x0004a] in <a490fa95b9a6409e9780d5f38d01007a>:0 
  at Vuforia.EditorClasses.ExtensionTypeProvider.IsPackageManager () [0x00000] in <a490fa95b9a6409e9780d5f38d01007a>:0 
  at Vuforia.EditorClasses.ExtensionTypeProvider.ResolvePluginType () [0x00009] in <a490fa95b9a6409e9780d5f38d01007a>:0 
  at Vuforia.EditorClasses.ExtensionTypeProvider.GetPluginType () [0x0000c] in <a490fa95b9a6409e9780d5f38d01007a>:0 
  at Vuforia.EditorClasses.VuforiaUtilities.IsVuforiaEnabledInPlayerSettings () [0x00000] in <a490fa95b9a6409e9780d5f38d01007a>:0 
  at VuforiaEnabledObserver..cctor () [0x00000] in <a490fa95b9a6409e9780d5f38d01007a>:0 
UnityEngine.StackTraceUtility:ExtractStackTrace ()
UnityEngine.DebugLogHandler:LogFormat (UnityEngine.LogType,UnityEngine.Object,string,object[])
UnityEngine.Logger:Log (UnityEngine.LogType,object)
UnityEngine.Debug:LogError (object)
UnityEditor.EditorAssemblies:ProcessInitializeOnLoadAttributes (System.Type[])

System.NullReferenceException: Object reference not set to an instance of an object
  at Vuforia.EditorClasses.ExtensionTypeProvider.GetVuforiaPackageAbsPath () [0x0004a] in <a490fa95b9a6409e9780d5f38d01007a>:0 
  at Vuforia.EditorClasses.ExtensionTypeProvider.IsPackageManager () [0x00000] in <a490fa95b9a6409e9780d5f38d01007a>:0 
  at Vuforia.EditorClasses.ExtensionTypeProvider.ResolvePluginType () [0x00009] in <a490fa95b9a6409e9780d5f38d01007a>:0 
  at Vuforia.EditorClasses.ExtensionTypeProvider.GetPluginType () [0x0000c] in <a490fa95b9a6409e9780d5f38d01007a>:0 
  at Vuforia.EditorClasses.VuforiaUtilities.IsVuforiaEnabledInPlayerSettings () [0x00000] in <a490fa95b9a6409e9780d5f38d01007a>:0 
  at Vuforia.EditorClasses.InitializeOnLoadVuforiaTaskRunner..cctor () [0x00015] in <a490fa95b9a6409e9780d5f38d01007a>:0 
UnityEngine.StackTraceUtility:ExtractStackTrace ()
UnityEngine.DebugLogHandler:LogFormat (UnityEngine.LogType,UnityEngine.Object,string,object[])
UnityEngine.Logger:Log (UnityEngine.LogType,object)
UnityEngine.Debug:LogError (object)
UnityEditor.EditorAssemblies:ProcessInitializeOnLoadAttributes (System.Type[])

Invoked RoslynAnalysisRunner static constructor.
RoslynAnalysisRunner will not be running.
RoslynAnalysisRunner has terminated.
Mono: successfully reloaded assembly
- Completed reload, in  0.973 seconds
Platform modules already initialized, skipping
Switching build target platform(5) subTarget(0) extendedPlatform(0) -> platform(13) subTarget(536936448) extendedPlatform(0)
Shader 'PointClouds/PointSplat': fallback shader 'PointClouds/PointSplatLegacy' not found
Refreshing native plugins compatible for Editor in 0.42 ms, found 2 plugins.
Preloading 1 native plugins for Editor in 0.03 ms.
Unloading 1146 Unused Serialized files (Serialized files now loaded: 0)
System memory in use before: 64.0 MB.
System memory in use after: 64.0 MB.

Unloading 35 unused Assets to reduce memory usage. Loaded Objects now: 1915.
Total: 1.508600 ms (FindLiveObjects: 0.167200 ms CreateObjectMapping: 0.030700 ms MarkObjects: 1.239400 ms  DeleteObjects: 0.070400 ms)

AssetImportParameters requested are different than current active one (requested -> active):
  custom:graphics/normal-map-encoding: 01000000000000000000000000000000 -> 02000000000000000000000000000000
========================================================================
Received Prepare
Registering precompiled user dll's ...
Registered in 0.009948 seconds.
Begin MonoManager ReloadAssembly
Native extension for LinuxStandalone target not found
Native extension for WindowsStandalone target not found
Refreshing native plugins compatible for Editor in 0.44 ms, found 2 plugins.
Preloading 1 native plugins for Editor in 0.04 ms.
System.NullReferenceException: Object reference not set to an instance of an object
  at Vuforia.EditorClasses.ExtensionTypeProvider.GetVuforiaPackageAbsPath () [0x0004a] in <a490fa95b9a6409e9780d5f38d01007a>:0 
  at Vuforia.EditorClasses.ExtensionTypeProvider.IsPackageManager () [0x00000] in <a490fa95b9a6409e9780d5f38d01007a>:0 
  at Vuforia.EditorClasses.ExtensionTypeProvider.ResolvePluginType () [0x00009] in <a490fa95b9a6409e9780d5f38d01007a>:0 
  at Vuforia.EditorClasses.ExtensionTypeProvider.GetPluginType () [0x0000c] in <a490fa95b9a6409e9780d5f38d01007a>:0 
  at Vuforia.EditorClasses.VuforiaUtilities.IsVuforiaEnabledInPlayerSettings () [0x00000] in <a490fa95b9a6409e9780d5f38d01007a>:0 
  at VuforiaEnabledObserver..cctor () [0x00000] in <a490fa95b9a6409e9780d5f38d01007a>:0 
UnityEngine.StackTraceUtility:ExtractStackTrace ()
UnityEngine.DebugLogHandler:LogFormat (UnityEngine.LogType,UnityEngine.Object,string,object[])
UnityEngine.Logger:Log (UnityEngine.LogType,object)
UnityEngine.Debug:LogError (object)
UnityEditor.EditorAssemblies:ProcessInitializeOnLoadAttributes (System.Type[])

System.NullReferenceException: Object reference not set to an instance of an object
  at Vuforia.EditorClasses.ExtensionTypeProvider.GetVuforiaPackageAbsPath () [0x0004a] in <a490fa95b9a6409e9780d5f38d01007a>:0 
  at Vuforia.EditorClasses.ExtensionTypeProvider.IsPackageManager () [0x00000] in <a490fa95b9a6409e9780d5f38d01007a>:0 
  at Vuforia.EditorClasses.ExtensionTypeProvider.ResolvePluginType () [0x00009] in <a490fa95b9a6409e9780d5f38d01007a>:0 
  at Vuforia.EditorClasses.ExtensionTypeProvider.GetPluginType () [0x0000c] in <a490fa95b9a6409e9780d5f38d01007a>:0 
  at Vuforia.EditorClasses.VuforiaUtilities.IsVuforiaEnabledInPlayerSettings () [0x00000] in <a490fa95b9a6409e9780d5f38d01007a>:0 
  at Vuforia.EditorClasses.InitializeOnLoadVuforiaTaskRunner..cctor () [0x00015] in <a490fa95b9a6409e9780d5f38d01007a>:0 
UnityEngine.StackTraceUtility:ExtractStackTrace ()
UnityEngine.DebugLogHandler:LogFormat (UnityEngine.LogType,UnityEngine.Object,string,object[])
UnityEngine.Logger:Log (UnityEngine.LogType,object)
UnityEngine.Debug:LogError (object)
UnityEditor.EditorAssemblies:ProcessInitializeOnLoadAttributes (System.Type[])

Invoked RoslynAnalysisRunner static constructor.
RoslynAnalysisRunner will not be running.
RoslynAnalysisRunner has terminated.
Mono: successfully reloaded assembly
- Completed reload, in  0.985 seconds
Platform modules already initialized, skipping
Switching build target platform(5) subTarget(0) extendedPlatform(0) -> platform(13) subTarget(536936448) extendedPlatform(0)
Shader 'PointClouds/PointSplat': fallback shader 'PointClouds/PointSplatLegacy' not found
Refreshing native plugins compatible for Editor in 0.41 ms, found 2 plugins.
Preloading 1 native plugins for Editor in 0.03 ms.
Unloading 1146 Unused Serialized files (Serialized files now loaded: 0)
System memory in use before: 64.0 MB.
System memory in use after: 64.1 MB.

Unloading 33 unused Assets to reduce memory usage. Loaded Objects now: 1918.
Total: 1.652600 ms (FindLiveObjects: 0.227000 ms CreateObjectMapping: 0.033800 ms MarkObjects: 1.338800 ms  DeleteObjects: 0.052200 ms)

AssetImportParameters requested are different than current active one (requested -> active):
  custom:graphics/normal-map-encoding: 01000000000000000000000000000000 -> 02000000000000000000000000000000
========================================================================
Received Prepare
Registering precompiled user dll's ...
Registered in 0.009662 seconds.
Begin MonoManager ReloadAssembly
Native extension for LinuxStandalone target not found
Native extension for WindowsStandalone target not found
Refreshing native plugins compatible for Editor in 0.43 ms, found 2 plugins.
Preloading 1 native plugins for Editor in 0.04 ms.
System.NullReferenceException: Object reference not set to an instance of an object
  at Vuforia.EditorClasses.ExtensionTypeProvider.GetVuforiaPackageAbsPath () [0x0004a] in <a490fa95b9a6409e9780d5f38d01007a>:0 
  at Vuforia.EditorClasses.ExtensionTypeProvider.IsPackageManager () [0x00000] in <a490fa95b9a6409e9780d5f38d01007a>:0 
  at Vuforia.EditorClasses.ExtensionTypeProvider.ResolvePluginType () [0x00009] in <a490fa95b9a6409e9780d5f38d01007a>:0 
  at Vuforia.EditorClasses.ExtensionTypeProvider.GetPluginType () [0x0000c] in <a490fa95b9a6409e9780d5f38d01007a>:0 
  at Vuforia.EditorClasses.VuforiaUtilities.IsVuforiaEnabledInPlayerSettings () [0x00000] in <a490fa95b9a6409e9780d5f38d01007a>:0 
  at VuforiaEnabledObserver..cctor () [0x00000] in <a490fa95b9a6409e9780d5f38d01007a>:0 
UnityEngine.StackTraceUtility:ExtractStackTrace ()
UnityEngine.DebugLogHandler:LogFormat (UnityEngine.LogType,UnityEngine.Object,string,object[])
UnityEngine.Logger:Log (UnityEngine.LogType,object)
UnityEngine.Debug:LogError (object)
UnityEditor.EditorAssemblies:ProcessInitializeOnLoadAttributes (System.Type[])

System.NullReferenceException: Object reference not set to an instance of an object
  at Vuforia.EditorClasses.ExtensionTypeProvider.GetVuforiaPackageAbsPath () [0x0004a] in <a490fa95b9a6409e9780d5f38d01007a>:0 
  at Vuforia.EditorClasses.ExtensionTypeProvider.IsPackageManager () [0x00000] in <a490fa95b9a6409e9780d5f38d01007a>:0 
  at Vuforia.EditorClasses.ExtensionTypeProvider.ResolvePluginType () [0x00009] in <a490fa95b9a6409e9780d5f38d01007a>:0 
  at Vuforia.EditorClasses.ExtensionTypeProvider.GetPluginType () [0x0000c] in <a490fa95b9a6409e9780d5f38d01007a>:0 
  at Vuforia.EditorClasses.VuforiaUtilities.IsVuforiaEnabledInPlayerSettings () [0x00000] in <a490fa95b9a6409e9780d5f38d01007a>:0 
  at Vuforia.EditorClasses.InitializeOnLoadVuforiaTaskRunner..cctor () [0x00015] in <a490fa95b9a6409e9780d5f38d01007a>:0 
UnityEngine.StackTraceUtility:ExtractStackTrace ()
UnityEngine.DebugLogHandler:LogFormat (UnityEngine.LogType,UnityEngine.Object,string,object[])
UnityEngine.Logger:Log (UnityEngine.LogType,object)
UnityEngine.Debug:LogError (object)
UnityEditor.EditorAssemblies:ProcessInitializeOnLoadAttributes (System.Type[])

Invoked RoslynAnalysisRunner static constructor.
RoslynAnalysisRunner will not be running.
RoslynAnalysisRunner has terminated.
Mono: successfully reloaded assembly
- Completed reload, in  1.031 seconds
Platform modules already initialized, skipping
Switching build target platform(5) subTarget(0) extendedPlatform(0) -> platform(13) subTarget(536936448) extendedPlatform(0)
Shader 'PointClouds/PointSplat': fallback shader 'PointClouds/PointSplatLegacy' not found
Refreshing native plugins compatible for Editor in 0.41 ms, found 2 plugins.
Preloading 1 native plugins for Editor in 0.03 ms.
Unloading 1146 Unused Serialized files (Serialized files now loaded: 0)
System memory in use before: 64.1 MB.
System memory in use after: 64.2 MB.

Unloading 33 unused Assets to reduce memory usage. Loaded Objects now: 1921.
Total: 1.494600 ms (FindLiveObjects: 0.182900 ms CreateObjectMapping: 0.036500 ms MarkObjects: 1.223100 ms  DeleteObjects: 0.051100 ms)

AssetImportParameters requested are different than current active one (requested -> active):
  custom:graphics/normal-map-encoding: 01000000000000000000000000000000 -> 02000000000000000000000000000000
========================================================================
Received Prepare
Registering precompiled user dll's ...
Registered in 0.009689 seconds.
Begin MonoManager ReloadAssembly
Native extension for LinuxStandalone target not found
Native extension for WindowsStandalone target not found
Refreshing native plugins compatible for Editor in 0.44 ms, found 2 plugins.
Preloading 1 native plugins for Editor in 0.04 ms.
System.NullReferenceException: Object reference not set to an instance of an object
  at Vuforia.EditorClasses.ExtensionTypeProvider.GetVuforiaPackageAbsPath () [0x0004a] in <a490fa95b9a6409e9780d5f38d01007a>:0 
  at Vuforia.EditorClasses.ExtensionTypeProvider.IsPackageManager () [0x00000] in <a490fa95b9a6409e9780d5f38d01007a>:0 
  at Vuforia.EditorClasses.ExtensionTypeProvider.ResolvePluginType () [0x00009] in <a490fa95b9a6409e9780d5f38d01007a>:0 
  at Vuforia.EditorClasses.ExtensionTypeProvider.GetPluginType () [0x0000c] in <a490fa95b9a6409e9780d5f38d01007a>:0 
  at Vuforia.EditorClasses.VuforiaUtilities.IsVuforiaEnabledInPlayerSettings () [0x00000] in <a490fa95b9a6409e9780d5f38d01007a>:0 
  at VuforiaEnabledObserver..cctor () [0x00000] in <a490fa95b9a6409e9780d5f38d01007a>:0 
UnityEngine.StackTraceUtility:ExtractStackTrace ()
UnityEngine.DebugLogHandler:LogFormat (UnityEngine.LogType,UnityEngine.Object,string,object[])
UnityEngine.Logger:Log (UnityEngine.LogType,object)
UnityEngine.Debug:LogError (object)
UnityEditor.EditorAssemblies:ProcessInitializeOnLoadAttributes (System.Type[])

System.NullReferenceException: Object reference not set to an instance of an object
  at Vuforia.EditorClasses.ExtensionTypeProvider.GetVuforiaPackageAbsPath () [0x0004a] in <a490fa95b9a6409e9780d5f38d01007a>:0 
  at Vuforia.EditorClasses.ExtensionTypeProvider.IsPackageManager () [0x00000] in <a490fa95b9a6409e9780d5f38d01007a>:0 
  at Vuforia.EditorClasses.ExtensionTypeProvider.ResolvePluginType () [0x00009] in <a490fa95b9a6409e9780d5f38d01007a>:0 
  at Vuforia.EditorClasses.ExtensionTypeProvider.GetPluginType () [0x0000c] in <a490fa95b9a6409e9780d5f38d01007a>:0 
  at Vuforia.EditorClasses.VuforiaUtilities.IsVuforiaEnabledInPlayerSettings () [0x00000] in <a490fa95b9a6409e9780d5f38d01007a>:0 
  at Vuforia.EditorClasses.InitializeOnLoadVuforiaTaskRunner..cctor () [0x00015] in <a490fa95b9a6409e9780d5f38d01007a>:0 
UnityEngine.StackTraceUtility:ExtractStackTrace ()
UnityEngine.DebugLogHandler:LogFormat (UnityEngine.LogType,UnityEngine.Object,string,object[])
UnityEngine.Logger:Log (UnityEngine.LogType,object)
UnityEngine.Debug:LogError (object)
UnityEditor.EditorAssemblies:ProcessInitializeOnLoadAttributes (System.Type[])

Invoked RoslynAnalysisRunner static constructor.
RoslynAnalysisRunner will not be running.
RoslynAnalysisRunner has terminated.
Mono: successfully reloaded assembly
- Completed reload, in  1.049 seconds
Platform modules already initialized, skipping
Switching build target platform(5) subTarget(0) extendedPlatform(0) -> platform(13) subTarget(536936448) extendedPlatform(0)
Shader 'PointClouds/PointSplat': fallback shader 'PointClouds/PointSplatLegacy' not found
Refreshing native plugins compatible for Editor in 0.45 ms, found 2 plugins.
Preloading 1 native plugins for Editor in 0.03 ms.
Unloading 1146 Unused Serialized files (Serialized files now loaded: 0)
System memory in use before: 64.2 MB.
System memory in use after: 64.3 MB.

Unloading 33 unused Assets to reduce memory usage. Loaded Objects now: 1924.
Total: 1.765800 ms (FindLiveObjects: 0.215900 ms CreateObjectMapping: 0.041900 ms MarkObjects: 1.452200 ms  DeleteObjects: 0.054900 ms)

AssetImportParameters requested are different than current active one (requested -> active):
  custom:graphics/normal-map-encoding: 01000000000000000000000000000000 -> 02000000000000000000000000000000
========================================================================
Received Prepare
Shader 'PointClouds/PointSplat': fallback shader 'PointClouds/PointSplatLegacy' not found
Refreshing native plugins compatible for Editor in 13.70 ms, found 2 plugins.
Preloading 1 native plugins for Editor in 0.03 ms.
Unloading 31 Unused Serialized files (Serialized files now loaded: 0)
System memory in use before: 42.3 MB.
System memory in use after: 42.3 MB.

Unloading 31 unused Assets to reduce memory usage. Loaded Objects now: 1924.
Total: 1.686800 ms (FindLiveObjects: 0.199200 ms CreateObjectMapping: 0.040500 ms MarkObjects: 1.384400 ms  DeleteObjects: 0.061900 ms)

========================================================================
Received Prepare
Registering precompiled user dll's ...
Registered in 0.009766 seconds.
Begin MonoManager ReloadAssembly
Native extension for LinuxStandalone target not found
Native extension for WindowsStandalone target not found
Refreshing native plugins compatible for Editor in 0.41 ms, found 2 plugins.
Preloading 1 native plugins for Editor in 0.03 ms.
System.NullReferenceException: Object reference not set to an instance of an object
  at Vuforia.EditorClasses.ExtensionTypeProvider.GetVuforiaPackageAbsPath () [0x0004a] in <a490fa95b9a6409e9780d5f38d01007a>:0 
  at Vuforia.EditorClasses.ExtensionTypeProvider.IsPackageManager () [0x00000] in <a490fa95b9a6409e9780d5f38d01007a>:0 
  at Vuforia.EditorClasses.ExtensionTypeProvider.ResolvePluginType () [0x00009] in <a490fa95b9a6409e9780d5f38d01007a>:0 
  at Vuforia.EditorClasses.ExtensionTypeProvider.GetPluginType () [0x0000c] in <a490fa95b9a6409e9780d5f38d01007a>:0 
  at Vuforia.EditorClasses.VuforiaUtilities.IsVuforiaEnabledInPlayerSettings () [0x00000] in <a490fa95b9a6409e9780d5f38d01007a>:0 
  at VuforiaEnabledObserver..cctor () [0x00000] in <a490fa95b9a6409e9780d5f38d01007a>:0 
UnityEngine.StackTraceUtility:ExtractStackTrace ()
UnityEngine.DebugLogHandler:LogFormat (UnityEngine.LogType,UnityEngine.Object,string,object[])
UnityEngine.Logger:Log (UnityEngine.LogType,object)
UnityEngine.Debug:LogError (object)
UnityEditor.EditorAssemblies:ProcessInitializeOnLoadAttributes (System.Type[])

System.NullReferenceException: Object reference not set to an instance of an object
  at Vuforia.EditorClasses.ExtensionTypeProvider.GetVuforiaPackageAbsPath () [0x0004a] in <a490fa95b9a6409e9780d5f38d01007a>:0 
  at Vuforia.EditorClasses.ExtensionTypeProvider.IsPackageManager () [0x00000] in <a490fa95b9a6409e9780d5f38d01007a>:0 
  at Vuforia.EditorClasses.ExtensionTypeProvider.ResolvePluginType () [0x00009] in <a490fa95b9a6409e9780d5f38d01007a>:0 
  at Vuforia.EditorClasses.ExtensionTypeProvider.GetPluginType () [0x0000c] in <a490fa95b9a6409e9780d5f38d01007a>:0 
  at Vuforia.EditorClasses.VuforiaUtilities.IsVuforiaEnabledInPlayerSettings () [0x00000] in <a490fa95b9a6409e9780d5f38d01007a>:0 
  at Vuforia.EditorClasses.InitializeOnLoadVuforiaTaskRunner..cctor () [0x00015] in <a490fa95b9a6409e9780d5f38d01007a>:0 
UnityEngine.StackTraceUtility:ExtractStackTrace ()
UnityEngine.DebugLogHandler:LogFormat (UnityEngine.LogType,UnityEngine.Object,string,object[])
UnityEngine.Logger:Log (UnityEngine.LogType,object)
UnityEngine.Debug:LogError (object)
UnityEditor.EditorAssemblies:ProcessInitializeOnLoadAttributes (System.Type[])

Invoked RoslynAnalysisRunner static constructor.
RoslynAnalysisRunner will not be running.
RoslynAnalysisRunner has terminated.
Mono: successfully reloaded assembly
- Completed reload, in  1.069 seconds
Platform modules already initialized, skipping
Switching build target platform(5) subTarget(0) extendedPlatform(0) -> platform(13) subTarget(536936448) extendedPlatform(0)
Shader 'PointClouds/PointSplat': fallback shader 'PointClouds/PointSplatLegacy' not found
Refreshing native plugins compatible for Editor in 0.43 ms, found 2 plugins.
Preloading 1 native plugins for Editor in 0.03 ms.
Unloading 1146 Unused Serialized files (Serialized files now loaded: 0)
System memory in use before: 64.4 MB.
System memory in use after: 64.4 MB.

Unloading 33 unused Assets to reduce memory usage. Loaded Objects now: 1927.
Total: 1.538400 ms (FindLiveObjects: 0.222400 ms CreateObjectMapping: 0.039600 ms MarkObjects: 1.224600 ms  DeleteObjects: 0.050900 ms)

AssetImportParameters requested are different than current active one (requested -> active):
  custom:graphics/normal-map-encoding: 01000000000000000000000000000000 -> 02000000000000000000000000000000
========================================================================
Received Prepare
Registering precompiled user dll's ...
Registered in 0.009789 seconds.
Begin MonoManager ReloadAssembly
Native extension for LinuxStandalone target not found
Native extension for WindowsStandalone target not found
Refreshing native plugins compatible for Editor in 0.41 ms, found 2 plugins.
Preloading 1 native plugins for Editor in 0.03 ms.
System.NullReferenceException: Object reference not set to an instance of an object
  at Vuforia.EditorClasses.ExtensionTypeProvider.GetVuforiaPackageAbsPath () [0x0004a] in <a490fa95b9a6409e9780d5f38d01007a>:0 
  at Vuforia.EditorClasses.ExtensionTypeProvider.IsPackageManager () [0x00000] in <a490fa95b9a6409e9780d5f38d01007a>:0 
  at Vuforia.EditorClasses.ExtensionTypeProvider.ResolvePluginType () [0x00009] in <a490fa95b9a6409e9780d5f38d01007a>:0 
  at Vuforia.EditorClasses.ExtensionTypeProvider.GetPluginType () [0x0000c] in <a490fa95b9a6409e9780d5f38d01007a>:0 
  at Vuforia.EditorClasses.VuforiaUtilities.IsVuforiaEnabledInPlayerSettings () [0x00000] in <a490fa95b9a6409e9780d5f38d01007a>:0 
  at VuforiaEnabledObserver..cctor () [0x00000] in <a490fa95b9a6409e9780d5f38d01007a>:0 
UnityEngine.StackTraceUtility:ExtractStackTrace ()
UnityEngine.DebugLogHandler:LogFormat (UnityEngine.LogType,UnityEngine.Object,string,object[])
UnityEngine.Logger:Log (UnityEngine.LogType,object)
UnityEngine.Debug:LogError (object)
UnityEditor.EditorAssemblies:ProcessInitializeOnLoadAttributes (System.Type[])

System.NullReferenceException: Object reference not set to an instance of an object
  at Vuforia.EditorClasses.ExtensionTypeProvider.GetVuforiaPackageAbsPath () [0x0004a] in <a490fa95b9a6409e9780d5f38d01007a>:0 
  at Vuforia.EditorClasses.ExtensionTypeProvider.IsPackageManager () [0x00000] in <a490fa95b9a6409e9780d5f38d01007a>:0 
  at Vuforia.EditorClasses.ExtensionTypeProvider.ResolvePluginType () [0x00009] in <a490fa95b9a6409e9780d5f38d01007a>:0 
  at Vuforia.EditorClasses.ExtensionTypeProvider.GetPluginType () [0x0000c] in <a490fa95b9a6409e9780d5f38d01007a>:0 
  at Vuforia.EditorClasses.VuforiaUtilities.IsVuforiaEnabledInPlayerSettings () [0x00000] in <a490fa95b9a6409e9780d5f38d01007a>:0 
  at Vuforia.EditorClasses.InitializeOnLoadVuforiaTaskRunner..cctor () [0x00015] in <a490fa95b9a6409e9780d5f38d01007a>:0 
UnityEngine.StackTraceUtility:ExtractStackTrace ()
UnityEngine.DebugLogHandler:LogFormat (UnityEngine.LogType,UnityEngine.Object,string,object[])
UnityEngine.Logger:Log (UnityEngine.LogType,object)
UnityEngine.Debug:LogError (object)
UnityEditor.EditorAssemblies:ProcessInitializeOnLoadAttributes (System.Type[])

Invoked RoslynAnalysisRunner static constructor.
RoslynAnalysisRunner will not be running.
RoslynAnalysisRunner has terminated.
Mono: successfully reloaded assembly
- Completed reload, in  1.095 seconds
Platform modules already initialized, skipping
Switching build target platform(5) subTarget(0) extendedPlatform(0) -> platform(13) subTarget(536936448) extendedPlatform(0)
Shader 'PointClouds/PointSplat': fallback shader 'PointClouds/PointSplatLegacy' not found
Refreshing native plugins compatible for Editor in 0.38 ms, found 2 plugins.
Preloading 1 native plugins for Editor in 0.03 ms.
Unloading 1146 Unused Serialized files (Serialized files now loaded: 0)
System memory in use before: 64.4 MB.
System memory in use after: 64.5 MB.

Unloading 33 unused Assets to reduce memory usage. Loaded Objects now: 1930.
Total: 1.476400 ms (FindLiveObjects: 0.176800 ms CreateObjectMapping: 0.036200 ms MarkObjects: 1.214300 ms  DeleteObjects: 0.048200 ms)

AssetImportParameters requested are different than current active one (requested -> active):
  custom:graphics/normal-map-encoding: 01000000000000000000000000000000 -> 02000000000000000000000000000000
========================================================================
Received Prepare
Shader 'PointClouds/PointSplat': fallback shader 'PointClouds/PointSplatLegacy' not found
Refreshing native plugins compatible for Editor in 13.89 ms, found 2 plugins.
Preloading 1 native plugins for Editor in 0.03 ms.
Unloading 31 Unused Serialized files (Serialized files now loaded: 0)
System memory in use before: 42.5 MB.
System memory in use after: 42.6 MB.

Unloading 31 unused Assets to reduce memory usage. Loaded Objects now: 1930.
Total: 2.257500 ms (FindLiveObjects: 0.221400 ms CreateObjectMapping: 0.041900 ms MarkObjects: 1.919400 ms  DeleteObjects: 0.073500 ms)

========================================================================
Received Prepare
Shader 'PointClouds/PointSplat': fallback shader 'PointClouds/PointSplatLegacy' not found
Refreshing native plugins compatible for Editor in 16.83 ms, found 2 plugins.
Preloading 1 native plugins for Editor in 0.03 ms.
Unloading 31 Unused Serialized files (Serialized files now loaded: 0)
System memory in use before: 42.6 MB.
System memory in use after: 42.7 MB.

Unloading 31 unused Assets to reduce memory usage. Loaded Objects now: 1930.
Total: 1.702900 ms (FindLiveObjects: 0.214100 ms CreateObjectMapping: 0.031300 ms MarkObjects: 1.390000 ms  DeleteObjects: 0.066500 ms)

========================================================================
Received Prepare
Shader 'PointClouds/PointSplat': fallback shader 'PointClouds/PointSplatLegacy' not found
Refreshing native plugins compatible for Editor in 13.82 ms, found 2 plugins.
Preloading 1 native plugins for Editor in 0.03 ms.
Unloading 31 Unused Serialized files (Serialized files now loaded: 0)
System memory in use before: 42.7 MB.
System memory in use after: 42.8 MB.

Unloading 31 unused Assets to reduce memory usage. Loaded Objects now: 1930.
Total: 1.621800 ms (FindLiveObjects: 0.207400 ms CreateObjectMapping: 0.036000 ms MarkObjects: 1.324700 ms  DeleteObjects: 0.052500 ms)

========================================================================
Received Import Request.
  Time since last request: 68118.122723 seconds.
  path: Assets/LegoSpawner.cs
  artifactKey: Guid(354eec47ba5cb424aaf94ecac9f0e4d4) Importer(815301076,1909f56bfc062723c751e8b465ee728b)
Start importing Assets/LegoSpawner.cs using Guid(354eec47ba5cb424aaf94ecac9f0e4d4) Importer(815301076,1909f56bfc062723c751e8b465ee728b)  -> (artifact id: '0fbfe322c40b8e0489bc842005f4834e') in 0.065028 seconds
  Import took 0.089795 seconds .

AssetImportWorkerClient::OnTransportError - code=2 error=End of file
